2002  14:51:59.037530 execve("./a8894d8a71082d2a2d8799129eada9db0b280fce75945f4323e230ec26ec28d0.elf", ["./a8894d8a71082d2a2d8799129eada9db0b280fce75945f4323e230ec26ec28d0.elf"], 0x7ffce8bc0958 /* 23 vars */) = 0
2002  14:51:59.038699 brk(NULL)         = 0x71de000
2002  14:51:59.038925 arch_prctl(0x3001 /* ARCH_??? */, 0x7ffe6d048640) = -1 EINVAL (Invalid argument)
2002  14:51:59.039099 mmap(NULL, 8192, PROT_READ|PROT_WRITE, MAP_PRIVATE|MAP_ANONYMOUS, -1, 0) = 0x778c488c5000
2002  14:51:59.039190 access("/etc/ld.so.preload", R_OK) = -1 ENOENT (No such file or directory)
2002  14:51:59.039394 openat(AT_FDCWD</home/rogan_rogu_gmail_com/samples/adv_samples>, "/etc/ld.so.cache", O_RDONLY|O_CLOEXEC) = 3</etc/ld.so.cache>
2002  14:51:59.039657 newfstatat(3</etc/ld.so.cache>, "", {st_mode=S_IFREG|0644, st_size=24340, ...}, AT_EMPTY_PATH) = 0
2002  14:51:59.039980 mmap(NULL, 24340, PROT_READ, MAP_PRIVATE, 3</etc/ld.so.cache>, 0) = 0x778c488bf000
2002  14:51:59.040167 close(3</etc/ld.so.cache>) = 0
2002  14:51:59.040367 openat(AT_FDCWD</home/rogan_rogu_gmail_com/samples/adv_samples>, "/lib/x86_64-linux-gnu/librt.so.1", O_RDONLY|O_CLOEXEC) = 3</usr/lib/x86_64-linux-gnu/librt.so.1>
2002  14:51:59.040701 read(3</usr/lib/x86_64-linux-gnu/librt.so.1>, "\177ELF\2\1\1\0\0\0\0\0\0\0\0\0\3\0>\0\1\0\0\0\0\0\0\0\0\0\0\0@\0\0\0\0\0\0\0\2101\0\0\0\0\0\0\0\0\0\0@\08\0\v\0@\0\37\0\36\0\1\0\0\0\4\0\0\0\0\0\0\0\0\0\0\0\0\0\0\0\0\0\0\0\0\0\0\0\0\0\0\0\10\10\0\0\0\0\0\0\10\10\0\0\0\0\0\0\0\20\0\0\0\0\0\0\1\0\0\0\5\0\0\0\0\20\0\0\0\0\0\0\0\20\0\0\0\0\0\0\0\20\0\0\0\0\0\0\205\2\0\0\0\0\0\0\205\2\0\0\0\0\0\0\0\20\0\0\0\0\0\0\1\0\0\0\4\0\0\0\0 \0\0\0\0\0\0\0 \0\0\0\0\0\0"..., 832) = 832
2002  14:51:59.040813 newfstatat(3</usr/lib/x86_64-linux-gnu/librt.so.1>, "", {st_mode=S_IFREG|0644, st_size=14664, ...}, AT_EMPTY_PATH) = 0
2002  14:51:59.040899 mmap(NULL, 16440, PROT_READ, MAP_PRIVATE|MAP_DENYWRITE, 3</usr/lib/x86_64-linux-gnu/librt.so.1>, 0) = 0x778c488ba000
2002  14:51:59.040980 mmap(0x778c488bb000, 4096, PROT_READ|PROT_EXEC, MAP_PRIVATE|MAP_FIXED|MAP_DENYWRITE, 3</usr/lib/x86_64-linux-gnu/librt.so.1>, 0x1000) = 0x778c488bb000
2002  14:51:59.041327 mmap(0x778c488bc000, 4096, PROT_READ, MAP_PRIVATE|MAP_FIXED|MAP_DENYWRITE, 3</usr/lib/x86_64-linux-gnu/librt.so.1>, 0x2000) = 0x778c488bc000
2002  14:51:59.041496 mmap(0x778c488bd000, 8192, PROT_READ|PROT_WRITE, MAP_PRIVATE|MAP_FIXED|MAP_DENYWRITE, 3</usr/lib/x86_64-linux-gnu/librt.so.1>, 0x2000) = 0x778c488bd000
2002  14:51:59.041674 close(3</usr/lib/x86_64-linux-gnu/librt.so.1>) = 0
2002  14:51:59.041891 openat(AT_FDCWD</home/rogan_rogu_gmail_com/samples/adv_samples>, "/lib/x86_64-linux-gnu/libpthread.so.0", O_RDONLY|O_CLOEXEC) = 3</usr/lib/x86_64-linux-gnu/libpthread.so.0>
2002  14:51:59.042008 read(3</usr/lib/x86_64-linux-gnu/libpthread.so.0>, "\177ELF\2\1\1\0\0\0\0\0\0\0\0\0\3\0>\0\1\0\0\0\0\0\0\0\0\0\0\0@\0\0\0\0\0\0\0\210J\0\0\0\0\0\0\0\0\0\0@\08\0\v\0@\0%\0$\0\1\0\0\0\4\0\0\0\0\0\0\0\0\0\0\0\0\0\0\0\0\0\0\0\0\0\0\0\0\0\0\0\250\n\0\0\0\0\0\0\250\n\0\0\0\0\0\0\0\20\0\0\0\0\0\0\1\0\0\0\5\0\0\0\0\20\0\0\0\0\0\0\0\20\0\0\0\0\0\0\0\20\0\0\0\0\0\0\25\1\0\0\0\0\0\0\25\1\0\0\0\0\0\0\0\20\0\0\0\0\0\0\1\0\0\0\4\0\0\0\0 \0\0\0\0\0\0\0 \0\0\0\0\0\0"..., 832) = 832
2002  14:51:59.042107 newfstatat(3</usr/lib/x86_64-linux-gnu/libpthread.so.0>, "", {st_mode=S_IFREG|0644, st_size=21448, ...}, AT_EMPTY_PATH) = 0
2002  14:51:59.042183 mmap(NULL, 16424, PROT_READ, MAP_PRIVATE|MAP_DENYWRITE, 3</usr/lib/x86_64-linux-gnu/libpthread.so.0>, 0) = 0x778c488b5000
2002  14:51:59.042271 mmap(0x778c488b6000, 4096, PROT_READ|PROT_EXEC, MAP_PRIVATE|MAP_FIXED|MAP_DENYWRITE, 3</usr/lib/x86_64-linux-gnu/libpthread.so.0>, 0x1000) = 0x778c488b6000
2002  14:51:59.042372 mmap(0x778c488b7000, 4096, PROT_READ, MAP_PRIVATE|MAP_FIXED|MAP_DENYWRITE, 3</usr/lib/x86_64-linux-gnu/libpthread.so.0>, 0x2000) = 0x778c488b7000
2002  14:51:59.042594 mmap(0x778c488b8000, 8192, PROT_READ|PROT_WRITE, MAP_PRIVATE|MAP_FIXED|MAP_DENYWRITE, 3</usr/lib/x86_64-linux-gnu/libpthread.so.0>, 0x2000) = 0x778c488b8000
2002  14:51:59.042868 close(3</usr/lib/x86_64-linux-gnu/libpthread.so.0>) = 0
2002  14:51:59.043061 openat(AT_FDCWD</home/rogan_rogu_gmail_com/samples/adv_samples>, "/lib/x86_64-linux-gnu/libstdc++.so.6", O_RDONLY|O_CLOEXEC) = 3</usr/lib/x86_64-linux-gnu/libstdc++.so.6.0.30>
2002  14:51:59.043549 read(3</usr/lib/x86_64-linux-gnu/libstdc++.so.6.0.30>, "\177ELF\2\1\1\3\0\0\0\0\0\0\0\0\3\0>\0\1\0\0\0\0\0\0\0\0\0\0\0@\0\0\0\0\0\0\0\310t\"\0\0\0\0\0\0\0\0\0@\08\0\f\0@\0\"\0!\0\1\0\0\0\4\0\0\0\0\0\0\0\0\0\0\0\0\0\0\0\0\0\0\0\0\0\0\0\0\0\0\0@\221\t\0\0\0\0\0@\221\t\0\0\0\0\0\0\20\0\0\0\0\0\0\1\0\0\0\5\0\0\0\0\240\t\0\0\0\0\0\0\240\t\0\0\0\0\0\0\240\t\0\0\0\0\0\321\17\21\0\0\0\0\0\321\17\21\0\0\0\0\0\0\20\0\0\0\0\0\0\1\0\0\0\4\0\0\0\0\260\32\0\0\0\0\0\0\260\32\0\0\0\0\0"..., 832) = 832
2002  14:51:59.043699 newfstatat(3</usr/lib/x86_64-linux-gnu/libstdc++.so.6.0.30>, "", {st_mode=S_IFREG|0644, st_size=2260296, ...}, AT_EMPTY_PATH) = 0
2002  14:51:59.043839 mmap(NULL, 2275520, PROT_READ, MAP_PRIVATE|MAP_DENYWRITE, 3</usr/lib/x86_64-linux-gnu/libstdc++.so.6.0.30>, 0) = 0x778c48600000
2002  14:51:59.043924 mprotect(0x778c4869a000, 1576960, PROT_NONE) = 0
2002  14:51:59.043998 mmap(0x778c4869a000, 1118208, PROT_READ|PROT_EXEC, MAP_PRIVATE|MAP_FIXED|MAP_DENYWRITE, 3</usr/lib/x86_64-linux-gnu/libstdc++.so.6.0.30>, 0x9a000) = 0x778c4869a000
2002  14:51:59.044083 mmap(0x778c487ab000, 454656, PROT_READ, MAP_PRIVATE|MAP_FIXED|MAP_DENYWRITE, 3</usr/lib/x86_64-linux-gnu/libstdc++.so.6.0.30>, 0x1ab000) = 0x778c487ab000
2002  14:51:59.044169 mmap(0x778c4881b000, 57344, PROT_READ|PROT_WRITE, MAP_PRIVATE|MAP_FIXED|MAP_DENYWRITE, 3</usr/lib/x86_64-linux-gnu/libstdc++.so.6.0.30>, 0x21a000) = 0x778c4881b000
2002  14:51:59.044478 mmap(0x778c48829000, 10432, PROT_READ|PROT_WRITE, MAP_PRIVATE|MAP_FIXED|MAP_ANONYMOUS, -1, 0) = 0x778c48829000
2002  14:51:59.044584 close(3</usr/lib/x86_64-linux-gnu/libstdc++.so.6.0.30>) = 0
2002  14:51:59.044669 openat(AT_FDCWD</home/rogan_rogu_gmail_com/samples/adv_samples>, "/lib/x86_64-linux-gnu/libm.so.6", O_RDONLY|O_CLOEXEC) = 3</usr/lib/x86_64-linux-gnu/libm.so.6>
2002  14:51:59.044764 read(3</usr/lib/x86_64-linux-gnu/libm.so.6>, "\177ELF\2\1\1\3\0\0\0\0\0\0\0\0\3\0>\0\1\0\0\0\0\0\0\0\0\0\0\0@\0\0\0\0\0\0\0PR\16\0\0\0\0\0\0\0\0\0@\08\0\v\0@\0\37\0\36\0\1\0\0\0\4\0\0\0\0\0\0\0\0\0\0\0\0\0\0\0\0\0\0\0\0\0\0\0\0\0\0\0\340\322\0\0\0\0\0\0\340\322\0\0\0\0\0\0\0\20\0\0\0\0\0\0\1\0\0\0\5\0\0\0\0\340\0\0\0\0\0\0\0\340\0\0\0\0\0\0\0\340\0\0\0\0\0\0\325\270\7\0\0\0\0\0\325\270\7\0\0\0\0\0\0\20\0\0\0\0\0\0\1\0\0\0\4\0\0\0\0\240\10\0\0\0\0\0\0\240\10\0\0\0\0\0"..., 832) = 832
2002  14:51:59.044841 newfstatat(3</usr/lib/x86_64-linux-gnu/libm.so.6>, "", {st_mode=S_IFREG|0644, st_size=940560, ...}, AT_EMPTY_PATH) = 0
2002  14:51:59.044923 mmap(NULL, 942344, PROT_READ, MAP_PRIVATE|MAP_DENYWRITE, 3</usr/lib/x86_64-linux-gnu/libm.so.6>, 0) = 0x778c48519000
2002  14:51:59.044999 mmap(0x778c48527000, 507904, PROT_READ|PROT_EXEC, MAP_PRIVATE|MAP_FIXED|MAP_DENYWRITE, 3</usr/lib/x86_64-linux-gnu/libm.so.6>, 0xe000) = 0x778c48527000
2002  14:51:59.045081 mmap(0x778c485a3000, 372736, PROT_READ, MAP_PRIVATE|MAP_FIXED|MAP_DENYWRITE, 3</usr/lib/x86_64-linux-gnu/libm.so.6>, 0x8a000) = 0x778c485a3000
2002  14:51:59.045158 mmap(0x778c485fe000, 8192, PROT_READ|PROT_WRITE, MAP_PRIVATE|MAP_FIXED|MAP_DENYWRITE, 3</usr/lib/x86_64-linux-gnu/libm.so.6>, 0xe4000) = 0x778c485fe000
2002  14:51:59.045584 close(3</usr/lib/x86_64-linux-gnu/libm.so.6>) = 0
2002  14:51:59.045744 openat(AT_FDCWD</home/rogan_rogu_gmail_com/samples/adv_samples>, "/lib/x86_64-linux-gnu/libgcc_s.so.1", O_RDONLY|O_CLOEXEC) = 3</usr/lib/x86_64-linux-gnu/libgcc_s.so.1>
2002  14:51:59.045867 read(3</usr/lib/x86_64-linux-gnu/libgcc_s.so.1>, "\177ELF\2\1\1\0\0\0\0\0\0\0\0\0\3\0>\0\1\0\0\0\0\0\0\0\0\0\0\0@\0\0\0\0\0\0\0\360\342\1\0\0\0\0\0\0\0\0\0@\08\0\v\0@\0\35\0\34\0\1\0\0\0\4\0\0\0\0\0\0\0\0\0\0\0\0\0\0\0\0\0\0\0\0\0\0\0\0\0\0\0\10-\0\0\0\0\0\0\10-\0\0\0\0\0\0\0\20\0\0\0\0\0\0\1\0\0\0\5\0\0\0\0000\0\0\0\0\0\0\0000\0\0\0\0\0\0\0000\0\0\0\0\0\0\25h\1\0\0\0\0\0\25h\1\0\0\0\0\0\0\20\0\0\0\0\0\0\1\0\0\0\4\0\0\0\0\240\1\0\0\0\0\0\0\240\1\0\0\0\0\0"..., 832) = 832
2002  14:51:59.045969 newfstatat(3</usr/lib/x86_64-linux-gnu/libgcc_s.so.1>, "", {st_mode=S_IFREG|0644, st_size=125488, ...}, AT_EMPTY_PATH) = 0
2002  14:51:59.046145 mmap(NULL, 127720, PROT_READ, MAP_PRIVATE|MAP_DENYWRITE, 3</usr/lib/x86_64-linux-gnu/libgcc_s.so.1>, 0) = 0x778c48895000
2002  14:51:59.046243 mmap(0x778c48898000, 94208, PROT_READ|PROT_EXEC, MAP_PRIVATE|MAP_FIXED|MAP_DENYWRITE, 3</usr/lib/x86_64-linux-gnu/libgcc_s.so.1>, 0x3000) = 0x778c48898000
2002  14:51:59.046333 mmap(0x778c488af000, 16384, PROT_READ, MAP_PRIVATE|MAP_FIXED|MAP_DENYWRITE, 3</usr/lib/x86_64-linux-gnu/libgcc_s.so.1>, 0x1a000) = 0x778c488af000
2002  14:51:59.046450 mmap(0x778c488b3000, 8192, PROT_READ|PROT_WRITE, MAP_PRIVATE|MAP_FIXED|MAP_DENYWRITE, 3</usr/lib/x86_64-linux-gnu/libgcc_s.so.1>, 0x1d000) = 0x778c488b3000
2002  14:51:59.046595 close(3</usr/lib/x86_64-linux-gnu/libgcc_s.so.1>) = 0
2002  14:51:59.046675 openat(AT_FDCWD</home/rogan_rogu_gmail_com/samples/adv_samples>, "/lib/x86_64-linux-gnu/libc.so.6", O_RDONLY|O_CLOEXEC) = 3</usr/lib/x86_64-linux-gnu/libc.so.6>
2002  14:51:59.046768 read(3</usr/lib/x86_64-linux-gnu/libc.so.6>, "\177ELF\2\1\1\3\0\0\0\0\0\0\0\0\3\0>\0\1\0\0\0P\237\2\0\0\0\0\0@\0\0\0\0\0\0\0\360\320!\0\0\0\0\0\0\0\0\0@\08\0\16\0@\0B\0A\0\6\0\0\0\4\0\0\0@\0\0\0\0\0\0\0@\0\0\0\0\0\0\0@\0\0\0\0\0\0\0\20\3\0\0\0\0\0\0\20\3\0\0\0\0\0\0\10\0\0\0\0\0\0\0\3\0\0\0\4\0\0\0000>\36\0\0\0\0\0000>\36\0\0\0\0\0000>\36\0\0\0\0\0\34\0\0\0\0\0\0\0\34\0\0\0\0\0\0\0\20\0\0\0\0\0\0\0\1\0\0\0\4\0\0\0\0\0\0\0\0\0\0\0\0\0\0\0\0\0\0\0"..., 832) = 832
2002  14:51:59.046846 pread64(3</usr/lib/x86_64-linux-gnu/libc.so.6>, "\6\0\0\0\4\0\0\0@\0\0\0\0\0\0\0@\0\0\0\0\0\0\0@\0\0\0\0\0\0\0\20\3\0\0\0\0\0\0\20\3\0\0\0\0\0\0\10\0\0\0\0\0\0\0\3\0\0\0\4\0\0\0000>\36\0\0\0\0\0000>\36\0\0\0\0\0000>\36\0\0\0\0\0\34\0\0\0\0\0\0\0\34\0\0\0\0\0\0\0\20\0\0\0\0\0\0\0\1\0\0\0\4\0\0\0\0\0\0\0\0\0\0\0\0\0\0\0\0\0\0\0\0\0\0\0\0\0\0\0\340\177\2\0\0\0\0\0\340\177\2\0\0\0\0\0\0\20\0\0\0\0\0\0\1\0\0\0\5\0\0\0\0\200\2\0\0\0\0\0\0\200\2\0\0\0\0\0\0\200\2\0\0\0\0\0"..., 784, 64) = 784
2002  14:51:59.046920 pread64(3</usr/lib/x86_64-linux-gnu/libc.so.6>, "\4\0\0\0 \0\0\0\5\0\0\0GNU\0\2\0\0\300\4\0\0\0\3\0\0\0\0\0\0\0\2\200\0\300\4\0\0\0\1\0\0\0\0\0\0\0", 48, 848) = 48
2002  14:51:59.046988 pread64(3</usr/lib/x86_64-linux-gnu/libc.so.6>, "\4\0\0\0\24\0\0\0\3\0\0\0GNU\0O{\f\225\\=\201\327\312\301P\32$\230\266\235\35\202\277\347\4\0\0\0\20\0\0\0\1\0\0\0GNU\0\0\0\0\0\3\0\0\0\2\0\0\0\0\0\0\0", 68, 896) = 68
2002  14:51:59.047061 newfstatat(3</usr/lib/x86_64-linux-gnu/libc.so.6>, "", {st_mode=S_IFREG|0755, st_size=2220400, ...}, AT_EMPTY_PATH) = 0
2002  14:51:59.047141 pread64(3</usr/lib/x86_64-linux-gnu/libc.so.6>, "\6\0\0\0\4\0\0\0@\0\0\0\0\0\0\0@\0\0\0\0\0\0\0@\0\0\0\0\0\0\0\20\3\0\0\0\0\0\0\20\3\0\0\0\0\0\0\10\0\0\0\0\0\0\0\3\0\0\0\4\0\0\0000>\36\0\0\0\0\0000>\36\0\0\0\0\0000>\36\0\0\0\0\0\34\0\0\0\0\0\0\0\34\0\0\0\0\0\0\0\20\0\0\0\0\0\0\0\1\0\0\0\4\0\0\0\0\0\0\0\0\0\0\0\0\0\0\0\0\0\0\0\0\0\0\0\0\0\0\0\340\177\2\0\0\0\0\0\340\177\2\0\0\0\0\0\0\20\0\0\0\0\0\0\1\0\0\0\5\0\0\0\0\200\2\0\0\0\0\0\0\200\2\0\0\0\0\0\0\200\2\0\0\0\0\0"..., 784, 64) = 784
2002  14:51:59.047432 mmap(NULL, 2264656, PROT_READ, MAP_PRIVATE|MAP_DENYWRITE, 3</usr/lib/x86_64-linux-gnu/libc.so.6>, 0) = 0x778c48200000
2002  14:51:59.047622 mprotect(0x778c48228000, 2023424, PROT_NONE) = 0
2002  14:51:59.047723 mmap(0x778c48228000, 1658880, PROT_READ|PROT_EXEC, MAP_PRIVATE|MAP_FIXED|MAP_DENYWRITE, 3</usr/lib/x86_64-linux-gnu/libc.so.6>, 0x28000) = 0x778c48228000
2002  14:51:59.047831 mmap(0x778c483bd000, 360448, PROT_READ, MAP_PRIVATE|MAP_FIXED|MAP_DENYWRITE, 3</usr/lib/x86_64-linux-gnu/libc.so.6>, 0x1bd000) = 0x778c483bd000
2002  14:51:59.047929 mmap(0x778c48416000, 24576, PROT_READ|PROT_WRITE, MAP_PRIVATE|MAP_FIXED|MAP_DENYWRITE, 3</usr/lib/x86_64-linux-gnu/libc.so.6>, 0x215000) = 0x778c48416000
2002  14:51:59.048035 mmap(0x778c4841c000, 52816, PROT_READ|PROT_WRITE, MAP_PRIVATE|MAP_FIXED|MAP_ANONYMOUS, -1, 0) = 0x778c4841c000
2002  14:51:59.048574 close(3</usr/lib/x86_64-linux-gnu/libc.so.6>) = 0
2002  14:51:59.048773 mmap(NULL, 8192, PROT_READ|PROT_WRITE, MAP_PRIVATE|MAP_ANONYMOUS, -1, 0) = 0x778c48893000
2002  14:51:59.048930 mmap(NULL, 12288, PROT_READ|PROT_WRITE, MAP_PRIVATE|MAP_ANONYMOUS, -1, 0) = 0x778c48890000
2002  14:51:59.049028 arch_prctl(ARCH_SET_FS, 0x778c48890740) = 0
2002  14:51:59.049093 set_tid_address(0x778c48890a10) = 2002
2002  14:51:59.049156 set_robust_list(0x778c48890a20, 24) = 0
2002  14:51:59.049224 rseq(0x778c488910e0, 0x20, 0, 0x53053053) = 0
2002  14:51:59.049430 mprotect(0x778c48416000, 16384, PROT_READ) = 0
2002  14:51:59.049537 mprotect(0x778c488b3000, 4096, PROT_READ) = 0
2002  14:51:59.049657 mprotect(0x778c485fe000, 4096, PROT_READ) = 0
2002  14:51:59.050450 mprotect(0x778c4881b000, 45056, PROT_READ) = 0
2002  14:51:59.050584 mprotect(0x778c488b8000, 4096, PROT_READ) = 0
2002  14:51:59.050672 mprotect(0x778c488bd000, 4096, PROT_READ) = 0
2002  14:51:59.050805 mprotect(0x778c488ff000, 8192, PROT_READ) = 0
2002  14:51:59.051019 prlimit64(0, RLIMIT_STACK, NULL, {rlim_cur=8192*1024, rlim_max=RLIM64_INFINITY}) = 0
2002  14:51:59.051171 munmap(0x778c488bf000, 24340) = 0
2002  14:51:59.051658 getrandom("\xa0\x57\xe4\x12\x7b\xa3\x17\xd3", 8, GRND_NONBLOCK) = 8
2002  14:51:59.051895 brk(NULL)         = 0x71de000
2002  14:51:59.051996 brk(0x71ff000)    = 0x71ff000
2002  14:51:59.052305 futex(0x778c4882977c, FUTEX_WAKE_PRIVATE, 2147483647) = 0
2002  14:51:59.052710 newfstatat(1</dev/pts/0>, "", {st_mode=S_IFCHR|0620, st_rdev=makedev(0x88, 0), ...}, AT_EMPTY_PATH) = 0
2002  14:51:59.052996 write(1</dev/pts/0>, "DECRYPTION\n", 11) = 11
2002  14:51:59.053368 lstat("/vmfs/volumes", 0x7ffe6d0484e0) = -1 ENOENT (No such file or directory)
2002  14:51:59.053768 write(1</dev/pts/0>, "Path not exists in this system\n", 31) = 31
2002  14:51:59.054007 exit_group(0)     = ?
2002  14:51:59.054591 +++ exited with 0 +++
