2008  14:51:59.064039 execve("./c0869e7f1bb4914fa453db5eb9cafd6fea090f7c6c156b9f1a3479e0ce7f4df2.elf", ["./c0869e7f1bb4914fa453db5eb9cafd6fea090f7c6c156b9f1a3479e0ce7f4df2.elf"], 0x7fffd27a7168 /* 23 vars */) = 0
2008  14:51:59.064804 brk(NULL)         = 0x145c0000
2008  14:51:59.064992 arch_prctl(0x3001 /* ARCH_??? */, 0x7fff5ebe76a0) = -1 EINVAL (Invalid argument)
2008  14:51:59.065144 mmap(NULL, 8192, PROT_READ|PROT_WRITE, MAP_PRIVATE|MAP_ANONYMOUS, -1, 0) = 0x787c79504000
2008  14:51:59.065249 access("/etc/ld.so.preload", R_OK) = -1 ENOENT (No such file or directory)
2008  14:51:59.065355 openat(AT_FDCWD</home/rogan_rogu_gmail_com/samples/adv_samples>, "/etc/ld.so.cache", O_RDONLY|O_CLOEXEC) = 3</etc/ld.so.cache>
2008  14:51:59.065841 newfstatat(3</etc/ld.so.cache>, "", {st_mode=S_IFREG|0644, st_size=24340, ...}, AT_EMPTY_PATH) = 0
2008  14:51:59.066009 mmap(NULL, 24340, PROT_READ, MAP_PRIVATE, 3</etc/ld.so.cache>, 0) = 0x787c794fe000
2008  14:51:59.066140 close(3</etc/ld.so.cache>) = 0
2008  14:51:59.066648 openat(AT_FDCWD</home/rogan_rogu_gmail_com/samples/adv_samples>, "/lib/x86_64-linux-gnu/libpthread.so.0", O_RDONLY|O_CLOEXEC) = 3</usr/lib/x86_64-linux-gnu/libpthread.so.0>
2008  14:51:59.066798 read(3</usr/lib/x86_64-linux-gnu/libpthread.so.0>, "\177ELF\2\1\1\0\0\0\0\0\0\0\0\0\3\0>\0\1\0\0\0\0\0\0\0\0\0\0\0@\0\0\0\0\0\0\0\210J\0\0\0\0\0\0\0\0\0\0@\08\0\v\0@\0%\0$\0\1\0\0\0\4\0\0\0\0\0\0\0\0\0\0\0\0\0\0\0\0\0\0\0\0\0\0\0\0\0\0\0\250\n\0\0\0\0\0\0\250\n\0\0\0\0\0\0\0\20\0\0\0\0\0\0\1\0\0\0\5\0\0\0\0\20\0\0\0\0\0\0\0\20\0\0\0\0\0\0\0\20\0\0\0\0\0\0\25\1\0\0\0\0\0\0\25\1\0\0\0\0\0\0\0\20\0\0\0\0\0\0\1\0\0\0\4\0\0\0\0 \0\0\0\0\0\0\0 \0\0\0\0\0\0"..., 832) = 832
2008  14:51:59.066902 newfstatat(3</usr/lib/x86_64-linux-gnu/libpthread.so.0>, "", {st_mode=S_IFREG|0644, st_size=21448, ...}, AT_EMPTY_PATH) = 0
2008  14:51:59.066998 mmap(NULL, 16424, PROT_READ, MAP_PRIVATE|MAP_DENYWRITE, 3</usr/lib/x86_64-linux-gnu/libpthread.so.0>, 0) = 0x787c794f9000
2008  14:51:59.067098 mmap(0x787c794fa000, 4096, PROT_READ|PROT_EXEC, MAP_PRIVATE|MAP_FIXED|MAP_DENYWRITE, 3</usr/lib/x86_64-linux-gnu/libpthread.so.0>, 0x1000) = 0x787c794fa000
2008  14:51:59.067304 mmap(0x787c794fb000, 4096, PROT_READ, MAP_PRIVATE|MAP_FIXED|MAP_DENYWRITE, 3</usr/lib/x86_64-linux-gnu/libpthread.so.0>, 0x2000) = 0x787c794fb000
2008  14:51:59.067441 mmap(0x787c794fc000, 8192, PROT_READ|PROT_WRITE, MAP_PRIVATE|MAP_FIXED|MAP_DENYWRITE, 3</usr/lib/x86_64-linux-gnu/libpthread.so.0>, 0x2000) = 0x787c794fc000
2008  14:51:59.067618 close(3</usr/lib/x86_64-linux-gnu/libpthread.so.0>) = 0
2008  14:51:59.067802 openat(AT_FDCWD</home/rogan_rogu_gmail_com/samples/adv_samples>, "/lib/x86_64-linux-gnu/libc.so.6", O_RDONLY|O_CLOEXEC) = 3</usr/lib/x86_64-linux-gnu/libc.so.6>
2008  14:51:59.067916 read(3</usr/lib/x86_64-linux-gnu/libc.so.6>, "\177ELF\2\1\1\3\0\0\0\0\0\0\0\0\3\0>\0\1\0\0\0P\237\2\0\0\0\0\0@\0\0\0\0\0\0\0\360\320!\0\0\0\0\0\0\0\0\0@\08\0\16\0@\0B\0A\0\6\0\0\0\4\0\0\0@\0\0\0\0\0\0\0@\0\0\0\0\0\0\0@\0\0\0\0\0\0\0\20\3\0\0\0\0\0\0\20\3\0\0\0\0\0\0\10\0\0\0\0\0\0\0\3\0\0\0\4\0\0\0000>\36\0\0\0\0\0000>\36\0\0\0\0\0000>\36\0\0\0\0\0\34\0\0\0\0\0\0\0\34\0\0\0\0\0\0\0\20\0\0\0\0\0\0\0\1\0\0\0\4\0\0\0\0\0\0\0\0\0\0\0\0\0\0\0\0\0\0\0"..., 832) = 832
2008  14:51:59.068090 pread64(3</usr/lib/x86_64-linux-gnu/libc.so.6>, "\6\0\0\0\4\0\0\0@\0\0\0\0\0\0\0@\0\0\0\0\0\0\0@\0\0\0\0\0\0\0\20\3\0\0\0\0\0\0\20\3\0\0\0\0\0\0\10\0\0\0\0\0\0\0\3\0\0\0\4\0\0\0000>\36\0\0\0\0\0000>\36\0\0\0\0\0000>\36\0\0\0\0\0\34\0\0\0\0\0\0\0\34\0\0\0\0\0\0\0\20\0\0\0\0\0\0\0\1\0\0\0\4\0\0\0\0\0\0\0\0\0\0\0\0\0\0\0\0\0\0\0\0\0\0\0\0\0\0\0\340\177\2\0\0\0\0\0\340\177\2\0\0\0\0\0\0\20\0\0\0\0\0\0\1\0\0\0\5\0\0\0\0\200\2\0\0\0\0\0\0\200\2\0\0\0\0\0\0\200\2\0\0\0\0\0"..., 784, 64) = 784
2008  14:51:59.068396 pread64(3</usr/lib/x86_64-linux-gnu/libc.so.6>, "\4\0\0\0 \0\0\0\5\0\0\0GNU\0\2\0\0\300\4\0\0\0\3\0\0\0\0\0\0\0\2\200\0\300\4\0\0\0\1\0\0\0\0\0\0\0", 48, 848) = 48
2008  14:51:59.068528 pread64(3</usr/lib/x86_64-linux-gnu/libc.so.6>, "\4\0\0\0\24\0\0\0\3\0\0\0GNU\0O{\f\225\\=\201\327\312\301P\32$\230\266\235\35\202\277\347\4\0\0\0\20\0\0\0\1\0\0\0GNU\0\0\0\0\0\3\0\0\0\2\0\0\0\0\0\0\0", 68, 896) = 68
2008  14:51:59.068621 newfstatat(3</usr/lib/x86_64-linux-gnu/libc.so.6>, "", {st_mode=S_IFREG|0755, st_size=2220400, ...}, AT_EMPTY_PATH) = 0
2008  14:51:59.068709 pread64(3</usr/lib/x86_64-linux-gnu/libc.so.6>, "\6\0\0\0\4\0\0\0@\0\0\0\0\0\0\0@\0\0\0\0\0\0\0@\0\0\0\0\0\0\0\20\3\0\0\0\0\0\0\20\3\0\0\0\0\0\0\10\0\0\0\0\0\0\0\3\0\0\0\4\0\0\0000>\36\0\0\0\0\0000>\36\0\0\0\0\0000>\36\0\0\0\0\0\34\0\0\0\0\0\0\0\34\0\0\0\0\0\0\0\20\0\0\0\0\0\0\0\1\0\0\0\4\0\0\0\0\0\0\0\0\0\0\0\0\0\0\0\0\0\0\0\0\0\0\0\0\0\0\0\340\177\2\0\0\0\0\0\340\177\2\0\0\0\0\0\0\20\0\0\0\0\0\0\1\0\0\0\5\0\0\0\0\200\2\0\0\0\0\0\0\200\2\0\0\0\0\0\0\200\2\0\0\0\0\0"..., 784, 64) = 784
2008  14:51:59.068857 mmap(NULL, 2264656, PROT_READ, MAP_PRIVATE|MAP_DENYWRITE, 3</usr/lib/x86_64-linux-gnu/libc.so.6>, 0) = 0x787c79200000
2008  14:51:59.068968 mprotect(0x787c79228000, 2023424, PROT_NONE) = 0
2008  14:51:59.069047 mmap(0x787c79228000, 1658880, PROT_READ|PROT_EXEC, MAP_PRIVATE|MAP_FIXED|MAP_DENYWRITE, 3</usr/lib/x86_64-linux-gnu/libc.so.6>, 0x28000) = 0x787c79228000
2008  14:51:59.069335 mmap(0x787c793bd000, 360448, PROT_READ, MAP_PRIVATE|MAP_FIXED|MAP_DENYWRITE, 3</usr/lib/x86_64-linux-gnu/libc.so.6>, 0x1bd000) = 0x787c793bd000
2008  14:51:59.069627 mmap(0x787c79416000, 24576, PROT_READ|PROT_WRITE, MAP_PRIVATE|MAP_FIXED|MAP_DENYWRITE, 3</usr/lib/x86_64-linux-gnu/libc.so.6>, 0x215000) = 0x787c79416000
2008  14:51:59.069747 mmap(0x787c7941c000, 52816, PROT_READ|PROT_WRITE, MAP_PRIVATE|MAP_FIXED|MAP_ANONYMOUS, -1, 0) = 0x787c7941c000
2008  14:51:59.069843 close(3</usr/lib/x86_64-linux-gnu/libc.so.6>) = 0
2008  14:51:59.069943 mmap(NULL, 12288, PROT_READ|PROT_WRITE, MAP_PRIVATE|MAP_ANONYMOUS, -1, 0) = 0x787c794f6000
2008  14:51:59.070021 arch_prctl(ARCH_SET_FS, 0x787c794f6740) = 0
2008  14:51:59.070082 set_tid_address(0x787c794f6a10) = 2008
2008  14:51:59.070141 set_robust_list(0x787c794f6a20, 24) = 0
2008  14:51:59.070197 rseq(0x787c794f70e0, 0x20, 0, 0x53053053) = 0
2008  14:51:59.070375 mprotect(0x787c79416000, 16384, PROT_READ) = 0
2008  14:51:59.070566 mprotect(0x787c794fc000, 4096, PROT_READ) = 0
2008  14:51:59.070734 mprotect(0x63e000, 4096, PROT_READ) = 0
2008  14:51:59.070816 mprotect(0x787c7953e000, 8192, PROT_READ) = 0
2008  14:51:59.070924 prlimit64(0, RLIMIT_STACK, NULL, {rlim_cur=8192*1024, rlim_max=RLIM64_INFINITY}) = 0
2008  14:51:59.071025 munmap(0x787c794fe000, 24340) = 0
2008  14:51:59.071528 getppid()         = 2005
2008  14:51:59.071711 ptrace(PTRACE_ATTACH, 2005) = -1 EPERM (Operation not permitted)
2008  14:51:59.071867 getppid()         = 2005
2008  14:51:59.071934 getpid()          = 2008
2008  14:51:59.071997 getuid()          = 2013201920
2008  14:51:59.072059 rt_sigqueueinfo(2005, SIGSTOP, {si_signo=SIGSTOP, si_code=SI_QUEUE, si_pid=2008, si_uid=2013201920}) = 0
2008  14:52:29.060789 --- SIGTERM {si_signo=SIGTERM, si_code=SI_USER, si_pid=2004, si_uid=2013201920} ---
2008  14:52:29.061541 +++ killed by SIGTERM +++
